[LOG] System::create                           : Header version = 2.01.11. Current version = 2.01.11.
[LOG] Manager::init                            : maxchannels = 256 studioflags = 00000006 flags 00000000 extradriverdata 0000000000000000.
[LOG] SystemI::init                            : Initialize version=20111 (118066), maxchannels=256, flags=0x00020000
[LOG] SystemI::setOutputInternal               : Setting output to 'FMOD WASAPI Output'
[LOG] OutputWASAPI::init                       : Mix Format (WAVEFORMATEX): wFormatTag=0xFFFE, nChannels=2, nSamplesPerSec=48000, nAvgBytesPerSec=384000, nBlockAlign=8, wBitsPerSample=32, cbSize=22.
[LOG] OutputWASAPI::init                       : Mix Format (WAVEFORMATEXTENSIBLE): wValidBitsPerSample=32, dwChannelMask=0x00000003, SubFormat=00000003-0000-0010-8000-00AA00389B71.
[LOG] OutputWASAPI::init                       : Output buffer size: 4096 samples, latency: 0.00ms, period: 10.00ms, DSP buffer: 1024 * 4
[LOG] Thread::initThread                       : Init FMOD stream thread. Affinity: 0x8000000000000003, Priority: 0xFFFF7FFB, Stack Size: 98304, Semaphore: No, Sleep Time: 10, Looping: Yes.
[LOG] Thread::initThread                       : Init FMOD mixer thread. Affinity: 0x8000000000000001, Priority: 0xFFFF7FFA, Stack Size: 81920, Semaphore: No, Sleep Time: 0, Looping: Yes.
[LOG] AsyncManager::init                       : manager 000001E163F1FCE8 isAsync 0 updatePeriod 0.02
[LOG] AsyncManager::init                       : done
[LOG] PlaybackSystem::init                     : 
[LOG] Thread::initThread                       : Init FMOD Studio sample load thread. Affinity: 0x8000000000000003, Priority: 0xFFFF7FFD, Stack Size: 98304, Semaphore: No, Sleep Time: 1, Looping: No.
[LOG] PlaybackSystem::init                     : done
[LOG] Thread::initThread                       : Init FMOD Studio bank load thread. Affinity: 0x8000000000000003, Priority: 0xFFFF7FFD, Stack Size: 98304, Semaphore: No, Sleep Time: 1, Looping: No.
[LOG] Manager::init                            : done.
[LOG] Manager::readBank                        : fileversion = 135, compatVersion = 132 (oldest = 44, newest = 135)
[LOG] Manager::readBank                        : fileversion = 135, compatVersion = 132 (oldest = 44, newest = 135)
[LOG] Manager::readBank                        : fileversion = 135, compatVersion = 132 (oldest = 44, newest = 135)
[LOG] PlaybackSystem::acquireMasterBus         : Setting master channel group format to 6
[LOG] SystemI::createSound                     : filename = C:/Users/jongo/Desktop/Fmod game jam project/Build/Desktop/Master.bank : mode 02010082
[LOG] SystemI::createSound                     : FMOD_NONBLOCKING specified.  Putting into queue to be opened asynchronously!
[LOG] SystemI::createSound                     : setdata soundi = 000001DFACDCC4A8 : node = 000001E2804A0D30
[LOG] SystemI::createSound                     : add node to async list : head = 000001DFB33931E8.  list count = 0
[LOG] AsyncThread::threadFunc                  : Starting Asynchronous operation on sound 000001DFACDCC4A8
[LOG] SystemI::createSoundInternal             :     Create name='C:/Users/jongo/Desktop/Fmod game jam project/Build/Desktop/Master.bank', mode=0x02010082
[LOG] SystemI::createSoundInternal             :     exinfo->cbsize             = 224
[LOG] SystemI::createSoundInternal             :     exinfo->length             = 916224
[LOG] SystemI::createSoundInternal             :     exinfo->fileoffset         = 6464
[LOG] SystemI::createSoundInternal             :     exinfo->numsubsounds       = 1
[LOG] SystemI::createSoundInternal             :     exinfo->inclusionlist      = 000001E2804A0E40
[LOG] SystemI::createSoundInternal             :     exinfo->inclusionlistnum   = 1
[LOG] SystemI::createSoundInternal             :     exinfo->suggestedsoundtype = 5
[LOG] SystemI::createSoundInternal             :     exinfo->initialseekpostype = 1
[LOG] SystemI::createSoundInternal             :     Stream 0/1: name='INTRO V1', format=5, channels=2, frequency=48000, lengthbytes=168608, lengthpcm=590770, pcmblocksize=0, loopstart=0, loopend=0, mode=0x00000000, channelmask=0x00000000, channelorder=0, peakvolume=0.999900.
[LOG] AsyncThread::threadFunc                  : Finished Asynchronous operation on sound 000001DFACDCC4A8
[LOG] SoundI::release                          : INTRO V1 (000001E2438DC758)
[LOG] SoundI::release                          :     INTRO V1 (000001E1638BD4B8)
[LOG] SoundI::release                          :     INTRO V1 (000001E23F54B2B8)
[LOG] SystemI::createSoundInternal             : Create name='', mode=0x02000202
[LOG] SystemI::createSoundInternal             : exinfo->cbsize             = 224
[LOG] SystemI::createSoundInternal             : exinfo->length             = 916224
[LOG] SystemI::createSoundInternal             : exinfo->fileoffset         = 6464
[LOG] SystemI::createSoundInternal             : exinfo->numsubsounds       = 1
[LOG] SystemI::createSoundInternal             : exinfo->inclusionlist      = 0000002FA1C4EF98
[LOG] SystemI::createSoundInternal             : exinfo->inclusionlistnum   = 1
[LOG] SystemI::createSoundInternal             : exinfo->suggestedsoundtype = 5
[LOG] SystemI::createSoundInternal             : exinfo->useropen           = 00007FF8C50C60E0
[LOG] SystemI::createSoundInternal             : exinfo->userclose          = 00007FF8C50C60B0
[LOG] SystemI::createSoundInternal             : exinfo->userread           = 00007FF8C50C61B0
[LOG] SystemI::createSoundInternal             : exinfo->userseek           = 00007FF8C50C6270
[LOG] SystemI::createSoundInternal             : exinfo->fileuserdata       = 000001DFAF497D28
[LOG] SystemI::createSoundInternal             : exinfo->initialseekpostype = 1
[LOG] SystemI::DSPCodecPoolRegister            : register codec pool for pool type 5
[LOG] SystemI::createSoundInternal             : Sample 0/1: name='Explosion 4', format=5, channels=2, frequency=48000, lengthbytes=6784, lengthpcm=23250, pcmblocksize=0, loopstart=0, loopend=0, mode=0x00000000, channelmask=0x00000000, channelorder=0, peakvolume=0.999900.
[LOG] SystemI::createSoundInternal             : Create name='', mode=0x02000202
[LOG] SystemI::createSoundInternal             : exinfo->cbsize             = 224
[LOG] SystemI::createSoundInternal             : exinfo->length             = 916224
[LOG] SystemI::createSoundInternal             : exinfo->fileoffset         = 6464
[LOG] SystemI::createSoundInternal             : exinfo->numsubsounds       = 1
[LOG] SystemI::createSoundInternal             : exinfo->inclusionlist      = 0000002FA1C4EF98
[LOG] SystemI::createSoundInternal             : exinfo->inclusionlistnum   = 1
[LOG] SystemI::createSoundInternal             : exinfo->suggestedsoundtype = 5
[LOG] SystemI::createSoundInternal             : exinfo->useropen           = 00007FF8C50C60E0
[LOG] SystemI::createSoundInternal             : exinfo->userclose          = 00007FF8C50C60B0
[LOG] SystemI::createSoundInternal             : exinfo->userread           = 00007FF8C50C61B0
[LOG] SystemI::createSoundInternal             : exinfo->userseek           = 00007FF8C50C6270
[LOG] SystemI::createSoundInternal             : exinfo->fileuserdata       = 000001DFAF497D28
[LOG] SystemI::createSoundInternal             : exinfo->initialseekpostype = 1
[LOG] SystemI::DSPCodecPoolRegister            : register codec pool for pool type 5
[LOG] SystemI::createSoundInternal             : Sample 0/1: name='Explosion 2', format=5, channels=2, frequency=48000, lengthbytes=5152, lengthpcm=15750, pcmblocksize=0, loopstart=0, loopend=0, mode=0x00000000, channelmask=0x00000000, channelorder=0, peakvolume=1.000000.
[LOG] SystemI::createSoundInternal             : Create name='', mode=0x02000202
[LOG] SystemI::createSoundInternal             : exinfo->cbsize             = 224
[LOG] SystemI::createSoundInternal             : exinfo->length             = 916224
[LOG] SystemI::createSoundInternal             : exinfo->fileoffset         = 6464
[LOG] SystemI::createSoundInternal             : exinfo->numsubsounds       = 1
[LOG] SystemI::createSoundInternal             : exinfo->inclusionlist      = 0000002FA1C4EF98
[LOG] SystemI::createSoundInternal             : exinfo->inclusionlistnum   = 1
[LOG] SystemI::createSoundInternal             : exinfo->suggestedsoundtype = 5
[LOG] SystemI::createSoundInternal             : exinfo->useropen           = 00007FF8C50C60E0
[LOG] SystemI::createSoundInternal             : exinfo->userclose          = 00007FF8C50C60B0
[LOG] SystemI::createSoundInternal             : exinfo->userread           = 00007FF8C50C61B0
[LOG] SystemI::createSoundInternal             : exinfo->userseek           = 00007FF8C50C6270
[LOG] SystemI::createSoundInternal             : exinfo->fileuserdata       = 000001DFAF497D28
[LOG] SystemI::createSoundInternal             : exinfo->initialseekpostype = 1
[LOG] SystemI::DSPCodecPoolRegister            : register codec pool for pool type 5
[LOG] SystemI::createSoundInternal             : Sample 0/1: name='Explosion 3', format=5, channels=2, frequency=48000, lengthbytes=6720, lengthpcm=22500, pcmblocksize=0, loopstart=0, loopend=0, mode=0x00000000, channelmask=0x00000000, channelorder=0, peakvolume=0.868356.
[LOG] SystemI::createSoundInternal             : Create name='', mode=0x02000202
[LOG] SystemI::createSoundInternal             : exinfo->cbsize             = 224
[LOG] SystemI::createSoundInternal             : exinfo->length             = 916224
[LOG] SystemI::createSoundInternal             : exinfo->fileoffset         = 6464
[LOG] SystemI::createSoundInternal             : exinfo->numsubsounds       = 1
[LOG] SystemI::createSoundInternal             : exinfo->inclusionlist      = 0000002FA1C4EF98
[LOG] SystemI::createSoundInternal             : exinfo->inclusionlistnum   = 1
[LOG] SystemI::createSoundInternal             : exinfo->suggestedsoundtype = 5
[LOG] SystemI::createSoundInternal             : exinfo->useropen           = 00007FF8C50C60E0
[LOG] SystemI::createSoundInternal             : exinfo->userclose          = 00007FF8C50C60B0
[LOG] SystemI::createSoundInternal             : exinfo->userread           = 00007FF8C50C61B0
[LOG] SystemI::createSoundInternal             : exinfo->userseek           = 00007FF8C50C6270
[LOG] SystemI::createSoundInternal             : exinfo->fileuserdata       = 000001DFAF497D28
[LOG] SystemI::createSoundInternal             : exinfo->initialseekpostype = 1
[LOG] SystemI::DSPCodecPoolRegister            : register codec pool for pool type 5
[LOG] SystemI::createSoundInternal             : Sample 0/1: name='Explosion 1', format=5, channels=2, frequency=48000, lengthbytes=5824, lengthpcm=19500, pcmblocksize=0, loopstart=0, loopend=0, mode=0x00000000, channelmask=0x00000000, channelorder=0, peakvolume=0.999900.
[LOG] SystemI::createSound                     : filename = C:/Users/jongo/Desktop/Fmod game jam project/Build/Desktop/Master.bank : mode 02010082
[LOG] SystemI::createSound                     : FMOD_NONBLOCKING specified.  Putting into queue to be opened asynchronously!
[LOG] SystemI::createSound                     : setdata soundi = 000001DFB3EBD318 : node = 000001E2729BE450
[LOG] SystemI::createSound                     : add node to async list : head = 000001DFB33931E8.  list count = 0
[LOG] AsyncThread::threadFunc                  : Starting Asynchronous operation on sound 000001DFB3EBD318
[LOG] SystemI::createSoundInternal             :     Create name='C:/Users/jongo/Desktop/Fmod game jam project/Build/Desktop/Master.bank', mode=0x02010082
[LOG] SystemI::createSoundInternal             :     exinfo->cbsize             = 224
[LOG] SystemI::createSoundInternal             :     exinfo->length             = 916224
[LOG] SystemI::createSoundInternal             :     exinfo->fileoffset         = 6464
[LOG] SystemI::createSoundInternal             :     exinfo->numsubsounds       = 1
[LOG] SystemI::createSoundInternal             :     exinfo->inclusionlist      = 000001E2729BE560
[LOG] SystemI::createSoundInternal             :     exinfo->inclusionlistnum   = 1
[LOG] SystemI::createSoundInternal             :     exinfo->suggestedsoundtype = 5
[LOG] SystemI::createSoundInternal             :     exinfo->initialseekpostype = 1
[LOG] SystemI::createSoundInternal             :     Stream 0/1: name='TIME RUNNOUT 6 V1', format=5, channels=2, frequency=48000, lengthbytes=356736, lengthpcm=1204225, pcmblocksize=0, loopstart=0, loopend=0, mode=0x00000000, channelmask=0x00000000, channelorder=0, peakvolume=0.999900.
[LOG] AsyncThread::threadFunc                  : Finished Asynchronous operation on sound 000001DFB3EBD318
[LOG] SoundI::release                          : INTRO V1 (000001DFACDCC4A8)
[LOG] SoundI::release                          :     INTRO V1 (000001E1638BE1B8)
[LOG] SoundI::release                          :     INTRO V1 (000001DFAC544C68)
[LOG] SoundI::release                          :  (000001DFAEB242A8)
[LOG] SoundI::release                          :     Explosion 1 (000001E1638B93B8)
[LOG] SoundI::release                          :  (000001DFAEB24418)
[LOG] SoundI::release                          :     Explosion 2 (000001E1638BD4B8)
[LOG] SoundI::release                          :  (000001DFAEB24868)
[LOG] SoundI::release                          :     Explosion 3 (000001E1638B8038)
[LOG] SoundI::release                          :  (000001DFAEB24138)
[LOG] SoundI::release                          :     Explosion 4 (000001E1638BF538)
[LOG] SoundI::release                          :  (000001E23E515088)
[LOG] SoundI::release                          :     PATTERN 1  V1 (000001E1638BC7B8)
[LOG] SoundI::release                          :  (000001E23E5151F8)
[LOG] SoundI::release                          :     PATTERN 2 V1 (000001E1638B9218)
[LOG] SoundI::release                          : TIME RUNNOUT 6 V1 (000001DFB3EBD318)
[LOG] SoundI::release                          :     TIME RUNNOUT 6 V1 (000001E1AE241B08)
[LOG] SoundI::release                          :     TIME RUNNOUT 6 V1 (000001DFACDCC148)
[LOG] SoundI::release                          :  (000001E23E515648)
[LOG] SoundI::release                          :     PATTERN 3 V1 (000001E1638BE018)
[LOG] SoundI::release                          :  (000001E23E5154D8)
[LOG] SoundI::release                          :     PATTERN 4 V1 (000001E1638B8378)
[LOG] Thread::callback                         : FMOD Studio update thread finished.
[LOG] Thread::callback                         : FMOD Studio bank load thread finished.
[LOG] Profile::disconnectAll                   : Profiler disconnecting all clients
[LOG] Thread::callback                         : FMOD Studio sample load thread finished.
[LOG] LiveUpdate::release                      : 
[LOG] LiveUpdate::reset                        : Reset connection (reason Disconnected)
[LOG] Thread::callback                         : FMOD stream thread finished.
[LOG] Thread::callback                         : FMOD mixer thread finished.
[LOG] Profile::disconnectAll                   : Profiler disconnecting all clients
[LOG] SystemI::close                           : Closed.
